<?xml version="1.0" encoding="UTF-8"?>
<testng-results ignored="0" total="1" passed="1" failed="0" skipped="0">
  <reporter-output>
  </reporter-output>
  <suite started-at="2023-03-11T12:09:45 IST" name="Default suite" finished-at="2023-03-11T12:09:50 IST" duration-ms="4336">
    <groups>
    </groups>
    <test started-at="2023-03-11T12:09:45 IST" name="Default test" finished-at="2023-03-11T12:09:50 IST" duration-ms="4336">
      <class name="pojo.ResponseValidationTest">
        <test-method signature="respBodyValidation()[pri:0, instance:pojo.ResponseValidationTest@4386f16]" started-at="2023-03-11T12:09:45 IST" name="respBodyValidation" finished-at="2023-03-11T12:09:49 IST" duration-ms="4277" status="PASS">
          <reporter-output>
          </reporter-output>
        </test-method> <!-- respBodyValidation -->
      </class> <!-- pojo.ResponseValidationTest -->
    </test> <!-- Default test -->
  </suite> <!-- Default suite -->
</testng-results>
